<?xml version="1.0" encoding="UTF-8"?>
<coverage generated="1760937692221" clover="3.2.0">
  <project timestamp="1760937692221" name="All files">
    <metrics statements="26" coveredstatements="24" conditionals="18" coveredconditionals="13" methods="7" coveredmethods="7" elements="51" coveredelements="44" complexity="0" loc="26" ncloc="26" packages="1" files="1" classes="1"/>
    <file name="invoice-calculation.service.ts" path="/Users/sadewadee/Downloads/Plugin Pro/Zenvoyer/zenvoyer-app/apps/api/src/modules/invoices/services/invoice-calculation.service.ts">
      <metrics statements="26" coveredstatements="24" conditionals="18" coveredconditionals="13" methods="7" coveredmethods="7"/>
      <line num="1" count="1" type="stmt"/>
      <line num="4" count="1" type="stmt"/>
      <line num="19" count="2" type="stmt"/>
      <line num="20" count="2" type="stmt"/>
      <line num="24" count="2" type="stmt"/>
      <line num="27" count="2" type="stmt"/>
      <line num="30" count="2" type="stmt"/>
      <line num="32" count="2" type="stmt"/>
      <line num="49" count="1" type="cond" truecount="0" falsecount="1"/>
      <line num="50" count="0" type="stmt"/>
      <line num="53" count="1" type="stmt"/>
      <line num="54" count="1" type="stmt"/>
      <line num="56" count="1" type="stmt"/>
      <line num="66" count="6" type="stmt"/>
      <line num="77" count="4" type="stmt"/>
      <line num="79" count="4" type="cond" truecount="1" falsecount="0"/>
      <line num="80" count="1" type="stmt"/>
      <line num="83" count="3" type="cond" truecount="3" falsecount="0"/>
      <line num="84" count="1" type="stmt"/>
      <line num="87" count="2" type="cond" truecount="3" falsecount="0"/>
      <line num="88" count="1" type="stmt"/>
      <line num="91" count="1" type="stmt"/>
      <line num="98" count="2" type="cond" truecount="2" falsecount="1"/>
      <line num="99" count="0" type="stmt"/>
      <line num="102" count="2" type="stmt"/>
      <line num="103" count="3" type="stmt"/>
    </file>
  </project>
</coverage>
