{"/Users/sadewadee/Downloads/Plugin Pro/Zenvoyer/zenvoyer-app/apps/api/src/modules/invoices/services/invoice-calculation.service.ts": {"path":"/Users/sadewadee/Downloads/Plugin Pro/Zenvoyer/zenvoyer-app/apps/api/src/modules/invoices/services/invoice-calculation.service.ts","statementMap":{"0":{"start":{"line":1,"column":0},"end":{"line":1,"column":44}},"1":{"start":{"line":4,"column":7},"end":{"line":111,"column":null}},"2":{"start":{"line":19,"column":21},"end":{"line":21,"column":9}},"3":{"start":{"line":20,"column":6},"end":{"line":20,"column":50}},"4":{"start":{"line":24,"column":22},"end":{"line":24,"column":48}},"5":{"start":{"line":27,"column":27},"end":{"line":27,"column":58}},"6":{"start":{"line":30,"column":18},"end":{"line":30,"column":55}},"7":{"start":{"line":32,"column":4},"end":{"line":37,"column":6}},"8":{"start":{"line":49,"column":4},"end":{"line":51,"column":5}},"9":{"start":{"line":50,"column":6},"end":{"line":50,"column":60}},"10":{"start":{"line":53,"column":25},"end":{"line":53,"column":48}},"11":{"start":{"line":54,"column":35},"end":{"line":54,"column":67}},"12":{"start":{"line":56,"column":4},"end":{"line":59,"column":6}},"13":{"start":{"line":66,"column":4},"end":{"line":66,"column":75}},"14":{"start":{"line":77,"column":28},"end":{"line":77,"column":82}},"15":{"start":{"line":79,"column":4},"end":{"line":81,"column":5}},"16":{"start":{"line":80,"column":6},"end":{"line":80,"column":20}},"17":{"start":{"line":83,"column":4},"end":{"line":85,"column":5}},"18":{"start":{"line":84,"column":6},"end":{"line":84,"column":23}},"19":{"start":{"line":87,"column":4},"end":{"line":89,"column":5}},"20":{"start":{"line":88,"column":6},"end":{"line":88,"column":23}},"21":{"start":{"line":91,"column":4},"end":{"line":91,"column":18}},"22":{"start":{"line":98,"column":4},"end":{"line":100,"column":5}},"23":{"start":{"line":99,"column":6},"end":{"line":99,"column":19}},"24":{"start":{"line":102,"column":4},"end":{"line":109,"column":7}},"25":{"start":{"line":103,"column":6},"end":{"line":108,"column":8}},"26":{"start":{"line":4,"column":13},"end":{"line":4,"column":38}},"27":{"start":{"line":4,"column":13},"end":{"line":111,"column":null}}},"fnMap":{"0":{"name":"(anonymous_1)","decl":{"start":{"line":8,"column":2},"end":{"line":8,"column":17}},"loc":{"start":{"line":11,"column":28},"end":{"line":38,"column":3}}},"1":{"name":"(anonymous_2)","decl":{"start":{"line":19,"column":34},"end":{"line":19,"column":35}},"loc":{"start":{"line":19,"column":48},"end":{"line":21,"column":5}}},"2":{"name":"(anonymous_3)","decl":{"start":{"line":45,"column":2},"end":{"line":45,"column":23}},"loc":{"start":{"line":45,"column":66},"end":{"line":60,"column":3}}},"3":{"name":"(anonymous_4)","decl":{"start":{"line":65,"column":2},"end":{"line":65,"column":26}},"loc":{"start":{"line":65,"column":66},"end":{"line":67,"column":3}}},"4":{"name":"(anonymous_5)","decl":{"start":{"line":72,"column":2},"end":{"line":72,"column":24}},"loc":{"start":{"line":75,"column":17},"end":{"line":92,"column":3}}},"5":{"name":"(anonymous_6)","decl":{"start":{"line":97,"column":2},"end":{"line":97,"column":15}},"loc":{"start":{"line":97,"column":28},"end":{"line":110,"column":3}}},"6":{"name":"(anonymous_7)","decl":{"start":{"line":102,"column":23},"end":{"line":102,"column":24}},"loc":{"start":{"line":102,"column":32},"end":{"line":109,"column":5}}}},"branchMap":{"0":{"loc":{"start":{"line":10,"column":4},"end":{"line":10,"column":23}},"type":"default-arg","locations":[{"start":{"line":10,"column":22},"end":{"line":10,"column":23}}]},"1":{"loc":{"start":{"line":11,"column":4},"end":{"line":11,"column":28}},"type":"default-arg","locations":[{"start":{"line":11,"column":27},"end":{"line":11,"column":28}}]},"2":{"loc":{"start":{"line":45,"column":45},"end":{"line":45,"column":66}},"type":"default-arg","locations":[{"start":{"line":45,"column":65},"end":{"line":45,"column":66}}]},"3":{"loc":{"start":{"line":49,"column":4},"end":{"line":51,"column":5}},"type":"if","locations":[{"start":{"line":49,"column":4},"end":{"line":51,"column":5}}]},"4":{"loc":{"start":{"line":79,"column":4},"end":{"line":81,"column":5}},"type":"if","locations":[{"start":{"line":79,"column":4},"end":{"line":81,"column":5}}]},"5":{"loc":{"start":{"line":83,"column":4},"end":{"line":85,"column":5}},"type":"if","locations":[{"start":{"line":83,"column":4},"end":{"line":85,"column":5}}]},"6":{"loc":{"start":{"line":83,"column":8},"end":{"line":83,"column":45}},"type":"binary-expr","locations":[{"start":{"line":83,"column":8},"end":{"line":83,"column":22}},{"start":{"line":83,"column":26},"end":{"line":83,"column":45}}]},"7":{"loc":{"start":{"line":87,"column":4},"end":{"line":89,"column":5}},"type":"if","locations":[{"start":{"line":87,"column":4},"end":{"line":89,"column":5}}]},"8":{"loc":{"start":{"line":87,"column":8},"end":{"line":87,"column":51}},"type":"binary-expr","locations":[{"start":{"line":87,"column":8},"end":{"line":87,"column":28}},{"start":{"line":87,"column":32},"end":{"line":87,"column":51}}]},"9":{"loc":{"start":{"line":98,"column":4},"end":{"line":100,"column":5}},"type":"if","locations":[{"start":{"line":98,"column":4},"end":{"line":100,"column":5}}]},"10":{"loc":{"start":{"line":98,"column":8},"end":{"line":98,"column":51}},"type":"binary-expr","locations":[{"start":{"line":98,"column":8},"end":{"line":98,"column":29}},{"start":{"line":98,"column":33},"end":{"line":98,"column":51}}]},"11":{"loc":{"start":{"line":104,"column":8},"end":{"line":107,"column":42}},"type":"binary-expr","locations":[{"start":{"line":104,"column":8},"end":{"line":104,"column":25}},{"start":{"line":105,"column":8},"end":{"line":105,"column":27}},{"start":{"line":106,"column":8},"end":{"line":106,"column":44}},{"start":{"line":107,"column":8},"end":{"line":107,"column":42}}]}},"s":{"0":1,"1":1,"2":2,"3":2,"4":2,"5":2,"6":2,"7":2,"8":1,"9":0,"10":1,"11":1,"12":1,"13":6,"14":4,"15":4,"16":1,"17":3,"18":1,"19":2,"20":1,"21":1,"22":2,"23":0,"24":2,"25":3,"26":1,"27":1},"f":{"0":2,"1":2,"2":1,"3":6,"4":4,"5":2,"6":3},"b":{"0":[0],"1":[0],"2":[0],"3":[0],"4":[1],"5":[1],"6":[3,1],"7":[1],"8":[2,1],"9":[0],"10":[2,2],"11":[3,2,2,2]}}
}
