TN:
SF:src/modules/invoices/services/invoice-calculation.service.ts
FN:8,(anonymous_1)
FN:19,(anonymous_2)
FN:45,(anonymous_3)
FN:65,(anonymous_4)
FN:72,(anonymous_5)
FN:97,(anonymous_6)
FN:102,(anonymous_7)
FNF:7
FNH:7
FNDA:2,(anonymous_1)
FNDA:2,(anonymous_2)
FNDA:1,(anonymous_3)
FNDA:6,(anonymous_4)
FNDA:4,(anonymous_5)
FNDA:2,(anonymous_6)
FNDA:3,(anonymous_7)
DA:1,1
DA:4,1
DA:19,2
DA:20,2
DA:24,2
DA:27,2
DA:30,2
DA:32,2
DA:49,1
DA:50,0
DA:53,1
DA:54,1
DA:56,1
DA:66,6
DA:77,4
DA:79,4
DA:80,1
DA:83,3
DA:84,1
DA:87,2
DA:88,1
DA:91,1
DA:98,2
DA:99,0
DA:102,2
DA:103,3
LF:26
LH:24
BRDA:10,0,0,0
BRDA:11,1,0,0
BRDA:45,2,0,0
BRDA:49,3,0,0
BRDA:79,4,0,1
BRDA:83,5,0,1
BRDA:83,6,0,3
BRDA:83,6,1,1
BRDA:87,7,0,1
BRDA:87,8,0,2
BRDA:87,8,1,1
BRDA:98,9,0,0
BRDA:98,10,0,2
BRDA:98,10,1,2
BRDA:104,11,0,3
BRDA:104,11,1,2
BRDA:104,11,2,2
BRDA:104,11,3,2
BRF:18
BRH:13
end_of_record
